CRITICAL - 2023-02-07 11:22:56 --> Call to undefined function CodeIgniter\locale_set_default()
#0 C:\Users\user\Desktop\Pengaduan\vendor\codeigniter4\framework\system\bootstrap.php(157): CodeIgniter\CodeIgniter->initialize()
#1 C:\Users\user\Desktop\Pengaduan\spark(53): require('C:\\Users\\user\\D...')
#2 {main}
ERROR - 2023-02-07 04:24:25 --> Error connecting to the database: Access denied for user ''@'localhost' (using password: NO)
CRITICAL - 2023-02-07 04:24:25 --> Unable to connect to the database.
Main connection [MySQLi]: Access denied for user ''@'localhost' (using password: NO)
#0 C:\Users\user\Desktop\Pengaduan\vendor\codeigniter4\framework\system\Database\BaseConnection.php(625): CodeIgniter\Database\BaseConnection->initialize()
#1 C:\Users\user\Desktop\Pengaduan\vendor\codeigniter4\framework\system\Database\BaseBuilder.php(2049): CodeIgniter\Database\BaseConnection->query('SELECT `id`, `n...', Array, false)
#2 C:\Users\user\Desktop\Pengaduan\vendor\codeigniter4\framework\system\Model.php(800): CodeIgniter\Database\BaseBuilder->getWhere(Array)
#3 C:\Users\user\Desktop\Pengaduan\app\Models\UserModel.php(16): CodeIgniter\Model->__call('getWhere', Array)
#4 C:\Users\user\Desktop\Pengaduan\app\Controllers\BaseController.php(61): App\Models\UserModel->getUserLogin(NULL)
#5 C:\Users\user\Desktop\Pengaduan\vendor\codeigniter4\framework\system\CodeIgniter.php(904): App\Controllers\BaseController->initController(Object(CodeIgniter\HTTP\IncomingRequest), Object(CodeIgniter\HTTP\Response), Object(CodeIgniter\Log\Logger))
#6 C:\Users\user\Desktop\Pengaduan\vendor\codeigniter4\framework\system\CodeIgniter.php(429): CodeIgniter\CodeIgniter->createController()
#7 C:\Users\user\Desktop\Pengaduan\vendor\codeigniter4\framework\system\CodeIgniter.php(339): CodeIgniter\CodeIgniter->handleRequest(NULL, Object(Config\Cache), false)
#8 C:\Users\user\Desktop\Pengaduan\public\index.php(44): CodeIgniter\CodeIgniter->run()
#9 C:\Users\user\Desktop\Pengaduan\vendor\codeigniter4\framework\system\Commands\Server\rewrite.php(45): require_once('C:\\Users\\user\\D...')
#10 {main}
ERROR - 2023-02-07 04:24:29 --> Error connecting to the database: Access denied for user ''@'localhost' (using password: NO)
CRITICAL - 2023-02-07 04:24:29 --> Unable to connect to the database.
Main connection [MySQLi]: Access denied for user ''@'localhost' (using password: NO)
#0 C:\Users\user\Desktop\Pengaduan\vendor\codeigniter4\framework\system\Database\BaseConnection.php(625): CodeIgniter\Database\BaseConnection->initialize()
#1 C:\Users\user\Desktop\Pengaduan\vendor\codeigniter4\framework\system\Database\BaseBuilder.php(2049): CodeIgniter\Database\BaseConnection->query('SELECT `id`, `n...', Array, false)
#2 C:\Users\user\Desktop\Pengaduan\vendor\codeigniter4\framework\system\Model.php(800): CodeIgniter\Database\BaseBuilder->getWhere(Array)
#3 C:\Users\user\Desktop\Pengaduan\app\Models\UserModel.php(16): CodeIgniter\Model->__call('getWhere', Array)
#4 C:\Users\user\Desktop\Pengaduan\app\Controllers\BaseController.php(61): App\Models\UserModel->getUserLogin(NULL)
#5 C:\Users\user\Desktop\Pengaduan\vendor\codeigniter4\framework\system\CodeIgniter.php(904): App\Controllers\BaseController->initController(Object(CodeIgniter\HTTP\IncomingRequest), Object(CodeIgniter\HTTP\Response), Object(CodeIgniter\Log\Logger))
#6 C:\Users\user\Desktop\Pengaduan\vendor\codeigniter4\framework\system\CodeIgniter.php(429): CodeIgniter\CodeIgniter->createController()
#7 C:\Users\user\Desktop\Pengaduan\vendor\codeigniter4\framework\system\CodeIgniter.php(339): CodeIgniter\CodeIgniter->handleRequest(NULL, Object(Config\Cache), false)
#8 C:\Users\user\Desktop\Pengaduan\public\index.php(44): CodeIgniter\CodeIgniter->run()
#9 C:\Users\user\Desktop\Pengaduan\vendor\codeigniter4\framework\system\Commands\Server\rewrite.php(45): require_once('C:\\Users\\user\\D...')
#10 {main}
ERROR - 2023-02-07 04:24:41 --> Error connecting to the database: Access denied for user ''@'localhost' (using password: NO)
CRITICAL - 2023-02-07 04:24:41 --> Unable to connect to the database.
Main connection [MySQLi]: Access denied for user ''@'localhost' (using password: NO)
#0 C:\Users\user\Desktop\Pengaduan\vendor\codeigniter4\framework\system\Database\BaseConnection.php(625): CodeIgniter\Database\BaseConnection->initialize()
#1 C:\Users\user\Desktop\Pengaduan\vendor\codeigniter4\framework\system\Database\BaseBuilder.php(2049): CodeIgniter\Database\BaseConnection->query('SELECT `id`, `n...', Array, false)
#2 C:\Users\user\Desktop\Pengaduan\vendor\codeigniter4\framework\system\Model.php(800): CodeIgniter\Database\BaseBuilder->getWhere(Array)
#3 C:\Users\user\Desktop\Pengaduan\app\Models\UserModel.php(16): CodeIgniter\Model->__call('getWhere', Array)
#4 C:\Users\user\Desktop\Pengaduan\app\Controllers\BaseController.php(61): App\Models\UserModel->getUserLogin(NULL)
#5 C:\Users\user\Desktop\Pengaduan\vendor\codeigniter4\framework\system\CodeIgniter.php(904): App\Controllers\BaseController->initController(Object(CodeIgniter\HTTP\IncomingRequest), Object(CodeIgniter\HTTP\Response), Object(CodeIgniter\Log\Logger))
#6 C:\Users\user\Desktop\Pengaduan\vendor\codeigniter4\framework\system\CodeIgniter.php(429): CodeIgniter\CodeIgniter->createController()
#7 C:\Users\user\Desktop\Pengaduan\vendor\codeigniter4\framework\system\CodeIgniter.php(339): CodeIgniter\CodeIgniter->handleRequest(NULL, Object(Config\Cache), false)
#8 C:\Users\user\Desktop\Pengaduan\public\index.php(44): CodeIgniter\CodeIgniter->run()
#9 C:\Users\user\Desktop\Pengaduan\vendor\codeigniter4\framework\system\Commands\Server\rewrite.php(45): require_once('C:\\Users\\user\\D...')
#10 {main}
ERROR - 2023-02-07 04:24:41 --> Error connecting to the database: Access denied for user ''@'localhost' (using password: NO)
CRITICAL - 2023-02-07 04:24:41 --> Unable to connect to the database.
Main connection [MySQLi]: Access denied for user ''@'localhost' (using password: NO)
#0 C:\Users\user\Desktop\Pengaduan\vendor\codeigniter4\framework\system\Database\BaseConnection.php(625): CodeIgniter\Database\BaseConnection->initialize()
#1 C:\Users\user\Desktop\Pengaduan\vendor\codeigniter4\framework\system\Database\BaseBuilder.php(2049): CodeIgniter\Database\BaseConnection->query('SELECT `id`, `n...', Array, false)
#2 C:\Users\user\Desktop\Pengaduan\vendor\codeigniter4\framework\system\Model.php(800): CodeIgniter\Database\BaseBuilder->getWhere(Array)
#3 C:\Users\user\Desktop\Pengaduan\app\Models\UserModel.php(16): CodeIgniter\Model->__call('getWhere', Array)
#4 C:\Users\user\Desktop\Pengaduan\app\Controllers\BaseController.php(61): App\Models\UserModel->getUserLogin(NULL)
#5 C:\Users\user\Desktop\Pengaduan\vendor\codeigniter4\framework\system\CodeIgniter.php(904): App\Controllers\BaseController->initController(Object(CodeIgniter\HTTP\IncomingRequest), Object(CodeIgniter\HTTP\Response), Object(CodeIgniter\Log\Logger))
#6 C:\Users\user\Desktop\Pengaduan\vendor\codeigniter4\framework\system\CodeIgniter.php(429): CodeIgniter\CodeIgniter->createController()
#7 C:\Users\user\Desktop\Pengaduan\vendor\codeigniter4\framework\system\CodeIgniter.php(339): CodeIgniter\CodeIgniter->handleRequest(NULL, Object(Config\Cache), false)
#8 C:\Users\user\Desktop\Pengaduan\public\index.php(44): CodeIgniter\CodeIgniter->run()
#9 C:\Users\user\Desktop\Pengaduan\vendor\codeigniter4\framework\system\Commands\Server\rewrite.php(45): require_once('C:\\Users\\user\\D...')
#10 {main}
ERROR - 2023-02-07 04:24:42 --> Error connecting to the database: Access denied for user ''@'localhost' (using password: NO)
CRITICAL - 2023-02-07 04:24:42 --> Unable to connect to the database.
Main connection [MySQLi]: Access denied for user ''@'localhost' (using password: NO)
#0 C:\Users\user\Desktop\Pengaduan\vendor\codeigniter4\framework\system\Database\BaseConnection.php(625): CodeIgniter\Database\BaseConnection->initialize()
#1 C:\Users\user\Desktop\Pengaduan\vendor\codeigniter4\framework\system\Database\BaseBuilder.php(2049): CodeIgniter\Database\BaseConnection->query('SELECT `id`, `n...', Array, false)
#2 C:\Users\user\Desktop\Pengaduan\vendor\codeigniter4\framework\system\Model.php(800): CodeIgniter\Database\BaseBuilder->getWhere(Array)
#3 C:\Users\user\Desktop\Pengaduan\app\Models\UserModel.php(16): CodeIgniter\Model->__call('getWhere', Array)
#4 C:\Users\user\Desktop\Pengaduan\app\Controllers\BaseController.php(61): App\Models\UserModel->getUserLogin(NULL)
#5 C:\Users\user\Desktop\Pengaduan\vendor\codeigniter4\framework\system\CodeIgniter.php(904): App\Controllers\BaseController->initController(Object(CodeIgniter\HTTP\IncomingRequest), Object(CodeIgniter\HTTP\Response), Object(CodeIgniter\Log\Logger))
#6 C:\Users\user\Desktop\Pengaduan\vendor\codeigniter4\framework\system\CodeIgniter.php(429): CodeIgniter\CodeIgniter->createController()
#7 C:\Users\user\Desktop\Pengaduan\vendor\codeigniter4\framework\system\CodeIgniter.php(339): CodeIgniter\CodeIgniter->handleRequest(NULL, Object(Config\Cache), false)
#8 C:\Users\user\Desktop\Pengaduan\public\index.php(44): CodeIgniter\CodeIgniter->run()
#9 C:\Users\user\Desktop\Pengaduan\vendor\codeigniter4\framework\system\Commands\Server\rewrite.php(45): require_once('C:\\Users\\user\\D...')
#10 {main}
ERROR - 2023-02-07 04:24:42 --> Error connecting to the database: Access denied for user ''@'localhost' (using password: NO)
CRITICAL - 2023-02-07 04:24:42 --> Unable to connect to the database.
Main connection [MySQLi]: Access denied for user ''@'localhost' (using password: NO)
#0 C:\Users\user\Desktop\Pengaduan\vendor\codeigniter4\framework\system\Database\BaseConnection.php(625): CodeIgniter\Database\BaseConnection->initialize()
#1 C:\Users\user\Desktop\Pengaduan\vendor\codeigniter4\framework\system\Database\BaseBuilder.php(2049): CodeIgniter\Database\BaseConnection->query('SELECT `id`, `n...', Array, false)
#2 C:\Users\user\Desktop\Pengaduan\vendor\codeigniter4\framework\system\Model.php(800): CodeIgniter\Database\BaseBuilder->getWhere(Array)
#3 C:\Users\user\Desktop\Pengaduan\app\Models\UserModel.php(16): CodeIgniter\Model->__call('getWhere', Array)
#4 C:\Users\user\Desktop\Pengaduan\app\Controllers\BaseController.php(61): App\Models\UserModel->getUserLogin(NULL)
#5 C:\Users\user\Desktop\Pengaduan\vendor\codeigniter4\framework\system\CodeIgniter.php(904): App\Controllers\BaseController->initController(Object(CodeIgniter\HTTP\IncomingRequest), Object(CodeIgniter\HTTP\Response), Object(CodeIgniter\Log\Logger))
#6 C:\Users\user\Desktop\Pengaduan\vendor\codeigniter4\framework\system\CodeIgniter.php(429): CodeIgniter\CodeIgniter->createController()
#7 C:\Users\user\Desktop\Pengaduan\vendor\codeigniter4\framework\system\CodeIgniter.php(339): CodeIgniter\CodeIgniter->handleRequest(NULL, Object(Config\Cache), false)
#8 C:\Users\user\Desktop\Pengaduan\public\index.php(44): CodeIgniter\CodeIgniter->run()
#9 C:\Users\user\Desktop\Pengaduan\vendor\codeigniter4\framework\system\Commands\Server\rewrite.php(45): require_once('C:\\Users\\user\\D...')
#10 {main}
ERROR - 2023-02-07 04:24:42 --> Error connecting to the database: Access denied for user ''@'localhost' (using password: NO)
CRITICAL - 2023-02-07 04:24:42 --> Unable to connect to the database.
Main connection [MySQLi]: Access denied for user ''@'localhost' (using password: NO)
#0 C:\Users\user\Desktop\Pengaduan\vendor\codeigniter4\framework\system\Database\BaseConnection.php(625): CodeIgniter\Database\BaseConnection->initialize()
#1 C:\Users\user\Desktop\Pengaduan\vendor\codeigniter4\framework\system\Database\BaseBuilder.php(2049): CodeIgniter\Database\BaseConnection->query('SELECT `id`, `n...', Array, false)
#2 C:\Users\user\Desktop\Pengaduan\vendor\codeigniter4\framework\system\Model.php(800): CodeIgniter\Database\BaseBuilder->getWhere(Array)
#3 C:\Users\user\Desktop\Pengaduan\app\Models\UserModel.php(16): CodeIgniter\Model->__call('getWhere', Array)
#4 C:\Users\user\Desktop\Pengaduan\app\Controllers\BaseController.php(61): App\Models\UserModel->getUserLogin(NULL)
#5 C:\Users\user\Desktop\Pengaduan\vendor\codeigniter4\framework\system\CodeIgniter.php(904): App\Controllers\BaseController->initController(Object(CodeIgniter\HTTP\IncomingRequest), Object(CodeIgniter\HTTP\Response), Object(CodeIgniter\Log\Logger))
#6 C:\Users\user\Desktop\Pengaduan\vendor\codeigniter4\framework\system\CodeIgniter.php(429): CodeIgniter\CodeIgniter->createController()
#7 C:\Users\user\Desktop\Pengaduan\vendor\codeigniter4\framework\system\CodeIgniter.php(339): CodeIgniter\CodeIgniter->handleRequest(NULL, Object(Config\Cache), false)
#8 C:\Users\user\Desktop\Pengaduan\public\index.php(44): CodeIgniter\CodeIgniter->run()
#9 C:\Users\user\Desktop\Pengaduan\vendor\codeigniter4\framework\system\Commands\Server\rewrite.php(45): require_once('C:\\Users\\user\\D...')
#10 {main}
ERROR - 2023-02-07 04:24:43 --> Error connecting to the database: Access denied for user ''@'localhost' (using password: NO)
CRITICAL - 2023-02-07 04:24:43 --> Unable to connect to the database.
Main connection [MySQLi]: Access denied for user ''@'localhost' (using password: NO)
#0 C:\Users\user\Desktop\Pengaduan\vendor\codeigniter4\framework\system\Database\BaseConnection.php(625): CodeIgniter\Database\BaseConnection->initialize()
#1 C:\Users\user\Desktop\Pengaduan\vendor\codeigniter4\framework\system\Database\BaseBuilder.php(2049): CodeIgniter\Database\BaseConnection->query('SELECT `id`, `n...', Array, false)
#2 C:\Users\user\Desktop\Pengaduan\vendor\codeigniter4\framework\system\Model.php(800): CodeIgniter\Database\BaseBuilder->getWhere(Array)
#3 C:\Users\user\Desktop\Pengaduan\app\Models\UserModel.php(16): CodeIgniter\Model->__call('getWhere', Array)
#4 C:\Users\user\Desktop\Pengaduan\app\Controllers\BaseController.php(61): App\Models\UserModel->getUserLogin(NULL)
#5 C:\Users\user\Desktop\Pengaduan\vendor\codeigniter4\framework\system\CodeIgniter.php(904): App\Controllers\BaseController->initController(Object(CodeIgniter\HTTP\IncomingRequest), Object(CodeIgniter\HTTP\Response), Object(CodeIgniter\Log\Logger))
#6 C:\Users\user\Desktop\Pengaduan\vendor\codeigniter4\framework\system\CodeIgniter.php(429): CodeIgniter\CodeIgniter->createController()
#7 C:\Users\user\Desktop\Pengaduan\vendor\codeigniter4\framework\system\CodeIgniter.php(339): CodeIgniter\CodeIgniter->handleRequest(NULL, Object(Config\Cache), false)
#8 C:\Users\user\Desktop\Pengaduan\public\index.php(44): CodeIgniter\CodeIgniter->run()
#9 C:\Users\user\Desktop\Pengaduan\vendor\codeigniter4\framework\system\Commands\Server\rewrite.php(45): require_once('C:\\Users\\user\\D...')
#10 {main}
ERROR - 2023-02-07 04:25:06 --> Error connecting to the database: Access denied for user ''@'localhost' (using password: NO)
CRITICAL - 2023-02-07 04:25:06 --> Unable to connect to the database.
Main connection [MySQLi]: Access denied for user ''@'localhost' (using password: NO)
#0 C:\Users\user\Desktop\Pengaduan\vendor\codeigniter4\framework\system\Database\BaseConnection.php(625): CodeIgniter\Database\BaseConnection->initialize()
#1 C:\Users\user\Desktop\Pengaduan\vendor\codeigniter4\framework\system\Database\BaseBuilder.php(2049): CodeIgniter\Database\BaseConnection->query('SELECT `id`, `n...', Array, false)
#2 C:\Users\user\Desktop\Pengaduan\vendor\codeigniter4\framework\system\Model.php(800): CodeIgniter\Database\BaseBuilder->getWhere(Array)
#3 C:\Users\user\Desktop\Pengaduan\app\Models\UserModel.php(16): CodeIgniter\Model->__call('getWhere', Array)
#4 C:\Users\user\Desktop\Pengaduan\app\Controllers\BaseController.php(61): App\Models\UserModel->getUserLogin(NULL)
#5 C:\Users\user\Desktop\Pengaduan\vendor\codeigniter4\framework\system\CodeIgniter.php(904): App\Controllers\BaseController->initController(Object(CodeIgniter\HTTP\IncomingRequest), Object(CodeIgniter\HTTP\Response), Object(CodeIgniter\Log\Logger))
#6 C:\Users\user\Desktop\Pengaduan\vendor\codeigniter4\framework\system\CodeIgniter.php(429): CodeIgniter\CodeIgniter->createController()
#7 C:\Users\user\Desktop\Pengaduan\vendor\codeigniter4\framework\system\CodeIgniter.php(339): CodeIgniter\CodeIgniter->handleRequest(NULL, Object(Config\Cache), false)
#8 C:\Users\user\Desktop\Pengaduan\public\index.php(44): CodeIgniter\CodeIgniter->run()
#9 C:\Users\user\Desktop\Pengaduan\vendor\codeigniter4\framework\system\Commands\Server\rewrite.php(45): require_once('C:\\Users\\user\\D...')
#10 {main}
ERROR - 2023-02-07 04:25:59 --> Error connecting to the database: Access denied for user ''@'localhost' (using password: NO)
CRITICAL - 2023-02-07 04:25:59 --> Unable to connect to the database.
Main connection [MySQLi]: Access denied for user ''@'localhost' (using password: NO)
#0 C:\Users\user\Desktop\Pengaduan\vendor\codeigniter4\framework\system\Database\BaseConnection.php(625): CodeIgniter\Database\BaseConnection->initialize()
#1 C:\Users\user\Desktop\Pengaduan\vendor\codeigniter4\framework\system\Database\BaseBuilder.php(2049): CodeIgniter\Database\BaseConnection->query('SELECT `id`, `n...', Array, false)
#2 C:\Users\user\Desktop\Pengaduan\vendor\codeigniter4\framework\system\Model.php(800): CodeIgniter\Database\BaseBuilder->getWhere(Array)
#3 C:\Users\user\Desktop\Pengaduan\app\Models\UserModel.php(16): CodeIgniter\Model->__call('getWhere', Array)
#4 C:\Users\user\Desktop\Pengaduan\app\Controllers\BaseController.php(61): App\Models\UserModel->getUserLogin(NULL)
#5 C:\Users\user\Desktop\Pengaduan\vendor\codeigniter4\framework\system\CodeIgniter.php(904): App\Controllers\BaseController->initController(Object(CodeIgniter\HTTP\IncomingRequest), Object(CodeIgniter\HTTP\Response), Object(CodeIgniter\Log\Logger))
#6 C:\Users\user\Desktop\Pengaduan\vendor\codeigniter4\framework\system\CodeIgniter.php(429): CodeIgniter\CodeIgniter->createController()
#7 C:\Users\user\Desktop\Pengaduan\vendor\codeigniter4\framework\system\CodeIgniter.php(339): CodeIgniter\CodeIgniter->handleRequest(NULL, Object(Config\Cache), false)
#8 C:\Users\user\Desktop\Pengaduan\public\index.php(44): CodeIgniter\CodeIgniter->run()
#9 C:\Users\user\Desktop\Pengaduan\vendor\codeigniter4\framework\system\Commands\Server\rewrite.php(45): require_once('C:\\Users\\user\\D...')
#10 {main}
ERROR - 2023-02-07 04:25:59 --> Error connecting to the database: Access denied for user ''@'localhost' (using password: NO)
CRITICAL - 2023-02-07 04:25:59 --> Unable to connect to the database.
Main connection [MySQLi]: Access denied for user ''@'localhost' (using password: NO)
#0 C:\Users\user\Desktop\Pengaduan\vendor\codeigniter4\framework\system\Database\BaseConnection.php(625): CodeIgniter\Database\BaseConnection->initialize()
#1 C:\Users\user\Desktop\Pengaduan\vendor\codeigniter4\framework\system\Database\BaseBuilder.php(2049): CodeIgniter\Database\BaseConnection->query('SELECT `id`, `n...', Array, false)
#2 C:\Users\user\Desktop\Pengaduan\vendor\codeigniter4\framework\system\Model.php(800): CodeIgniter\Database\BaseBuilder->getWhere(Array)
#3 C:\Users\user\Desktop\Pengaduan\app\Models\UserModel.php(16): CodeIgniter\Model->__call('getWhere', Array)
#4 C:\Users\user\Desktop\Pengaduan\app\Controllers\BaseController.php(61): App\Models\UserModel->getUserLogin(NULL)
#5 C:\Users\user\Desktop\Pengaduan\vendor\codeigniter4\framework\system\CodeIgniter.php(904): App\Controllers\BaseController->initController(Object(CodeIgniter\HTTP\IncomingRequest), Object(CodeIgniter\HTTP\Response), Object(CodeIgniter\Log\Logger))
#6 C:\Users\user\Desktop\Pengaduan\vendor\codeigniter4\framework\system\CodeIgniter.php(429): CodeIgniter\CodeIgniter->createController()
#7 C:\Users\user\Desktop\Pengaduan\vendor\codeigniter4\framework\system\CodeIgniter.php(339): CodeIgniter\CodeIgniter->handleRequest(NULL, Object(Config\Cache), false)
#8 C:\Users\user\Desktop\Pengaduan\public\index.php(44): CodeIgniter\CodeIgniter->run()
#9 C:\Users\user\Desktop\Pengaduan\vendor\codeigniter4\framework\system\Commands\Server\rewrite.php(45): require_once('C:\\Users\\user\\D...')
#10 {main}
ERROR - 2023-02-07 04:26:00 --> Error connecting to the database: Access denied for user ''@'localhost' (using password: NO)
CRITICAL - 2023-02-07 04:26:00 --> Unable to connect to the database.
Main connection [MySQLi]: Access denied for user ''@'localhost' (using password: NO)
#0 C:\Users\user\Desktop\Pengaduan\vendor\codeigniter4\framework\system\Database\BaseConnection.php(625): CodeIgniter\Database\BaseConnection->initialize()
#1 C:\Users\user\Desktop\Pengaduan\vendor\codeigniter4\framework\system\Database\BaseBuilder.php(2049): CodeIgniter\Database\BaseConnection->query('SELECT `id`, `n...', Array, false)
#2 C:\Users\user\Desktop\Pengaduan\vendor\codeigniter4\framework\system\Model.php(800): CodeIgniter\Database\BaseBuilder->getWhere(Array)
#3 C:\Users\user\Desktop\Pengaduan\app\Models\UserModel.php(16): CodeIgniter\Model->__call('getWhere', Array)
#4 C:\Users\user\Desktop\Pengaduan\app\Controllers\BaseController.php(61): App\Models\UserModel->getUserLogin(NULL)
#5 C:\Users\user\Desktop\Pengaduan\vendor\codeigniter4\framework\system\CodeIgniter.php(904): App\Controllers\BaseController->initController(Object(CodeIgniter\HTTP\IncomingRequest), Object(CodeIgniter\HTTP\Response), Object(CodeIgniter\Log\Logger))
#6 C:\Users\user\Desktop\Pengaduan\vendor\codeigniter4\framework\system\CodeIgniter.php(429): CodeIgniter\CodeIgniter->createController()
#7 C:\Users\user\Desktop\Pengaduan\vendor\codeigniter4\framework\system\CodeIgniter.php(339): CodeIgniter\CodeIgniter->handleRequest(NULL, Object(Config\Cache), false)
#8 C:\Users\user\Desktop\Pengaduan\public\index.php(44): CodeIgniter\CodeIgniter->run()
#9 C:\Users\user\Desktop\Pengaduan\vendor\codeigniter4\framework\system\Commands\Server\rewrite.php(45): require_once('C:\\Users\\user\\D...')
#10 {main}
ERROR - 2023-02-07 04:26:00 --> Error connecting to the database: Access denied for user ''@'localhost' (using password: NO)
CRITICAL - 2023-02-07 04:26:00 --> Unable to connect to the database.
Main connection [MySQLi]: Access denied for user ''@'localhost' (using password: NO)
#0 C:\Users\user\Desktop\Pengaduan\vendor\codeigniter4\framework\system\Database\BaseConnection.php(625): CodeIgniter\Database\BaseConnection->initialize()
#1 C:\Users\user\Desktop\Pengaduan\vendor\codeigniter4\framework\system\Database\BaseBuilder.php(2049): CodeIgniter\Database\BaseConnection->query('SELECT `id`, `n...', Array, false)
#2 C:\Users\user\Desktop\Pengaduan\vendor\codeigniter4\framework\system\Model.php(800): CodeIgniter\Database\BaseBuilder->getWhere(Array)
#3 C:\Users\user\Desktop\Pengaduan\app\Models\UserModel.php(16): CodeIgniter\Model->__call('getWhere', Array)
#4 C:\Users\user\Desktop\Pengaduan\app\Controllers\BaseController.php(61): App\Models\UserModel->getUserLogin(NULL)
#5 C:\Users\user\Desktop\Pengaduan\vendor\codeigniter4\framework\system\CodeIgniter.php(904): App\Controllers\BaseController->initController(Object(CodeIgniter\HTTP\IncomingRequest), Object(CodeIgniter\HTTP\Response), Object(CodeIgniter\Log\Logger))
#6 C:\Users\user\Desktop\Pengaduan\vendor\codeigniter4\framework\system\CodeIgniter.php(429): CodeIgniter\CodeIgniter->createController()
#7 C:\Users\user\Desktop\Pengaduan\vendor\codeigniter4\framework\system\CodeIgniter.php(339): CodeIgniter\CodeIgniter->handleRequest(NULL, Object(Config\Cache), false)
#8 C:\Users\user\Desktop\Pengaduan\public\index.php(44): CodeIgniter\CodeIgniter->run()
#9 C:\Users\user\Desktop\Pengaduan\vendor\codeigniter4\framework\system\Commands\Server\rewrite.php(45): require_once('C:\\Users\\user\\D...')
#10 {main}
