CRITICAL - 2024-01-12 12:26:31 --> Invalid file: user/pengaduan/tambah_pengaduan.php
#0 C:\xampp\htdocs\Pengaduan-laporkesana\vendor\codeigniter4\framework\system\View\View.php(213): CodeIgniter\Exceptions\FrameworkException::forInvalidFile('user/pengaduan/...')
#1 C:\xampp\htdocs\Pengaduan-laporkesana\vendor\codeigniter4\framework\system\Common.php(1250): CodeIgniter\View\View->render('user/pengaduan/...', Array, true)
#2 C:\xampp\htdocs\Pengaduan-laporkesana\app\Controllers\Pengaduan.php(66): view('user/pengaduan/...', Array)
#3 C:\xampp\htdocs\Pengaduan-laporkesana\vendor\codeigniter4\framework\system\CodeIgniter.php(931): App\Controllers\Pengaduan->tambah()
#4 C:\xampp\htdocs\Pengaduan-laporkesana\vendor\codeigniter4\framework\system\CodeIgniter.php(439): CodeIgniter\CodeIgniter->runController(Object(App\Controllers\Pengaduan))
#5 C:\xampp\htdocs\Pengaduan-laporkesana\vendor\codeigniter4\framework\system\CodeIgniter.php(339): CodeIgniter\CodeIgniter->handleRequest(NULL, Object(Config\Cache), false)
#6 C:\xampp\htdocs\Pengaduan-laporkesana\public\index.php(44): CodeIgniter\CodeIgniter->run()
#7 C:\xampp\htdocs\Pengaduan-laporkesana\vendor\codeigniter4\framework\system\Commands\Server\rewrite.php(45): require_once('C:\\xampp\\htdocs...')
#8 {main}
CRITICAL - 2024-01-12 12:26:32 --> Invalid file: user/pengaduan/tambah_pengaduan.php
#0 C:\xampp\htdocs\Pengaduan-laporkesana\vendor\codeigniter4\framework\system\View\View.php(213): CodeIgniter\Exceptions\FrameworkException::forInvalidFile('user/pengaduan/...')
#1 C:\xampp\htdocs\Pengaduan-laporkesana\vendor\codeigniter4\framework\system\Common.php(1250): CodeIgniter\View\View->render('user/pengaduan/...', Array, true)
#2 C:\xampp\htdocs\Pengaduan-laporkesana\app\Controllers\Pengaduan.php(66): view('user/pengaduan/...', Array)
#3 C:\xampp\htdocs\Pengaduan-laporkesana\vendor\codeigniter4\framework\system\CodeIgniter.php(931): App\Controllers\Pengaduan->tambah()
#4 C:\xampp\htdocs\Pengaduan-laporkesana\vendor\codeigniter4\framework\system\CodeIgniter.php(439): CodeIgniter\CodeIgniter->runController(Object(App\Controllers\Pengaduan))
#5 C:\xampp\htdocs\Pengaduan-laporkesana\vendor\codeigniter4\framework\system\CodeIgniter.php(339): CodeIgniter\CodeIgniter->handleRequest(NULL, Object(Config\Cache), false)
#6 C:\xampp\htdocs\Pengaduan-laporkesana\public\index.php(44): CodeIgniter\CodeIgniter->run()
#7 C:\xampp\htdocs\Pengaduan-laporkesana\vendor\codeigniter4\framework\system\Commands\Server\rewrite.php(45): require_once('C:\\xampp\\htdocs...')
#8 {main}
CRITICAL - 2024-01-12 12:27:33 --> Invalid file: user/pengaduan/tambah_pengaduan.php
#0 C:\xampp\htdocs\Pengaduan-laporkesana\vendor\codeigniter4\framework\system\View\View.php(213): CodeIgniter\Exceptions\FrameworkException::forInvalidFile('user/pengaduan/...')
#1 C:\xampp\htdocs\Pengaduan-laporkesana\vendor\codeigniter4\framework\system\Common.php(1250): CodeIgniter\View\View->render('user/pengaduan/...', Array, true)
#2 C:\xampp\htdocs\Pengaduan-laporkesana\app\Controllers\Pengaduan.php(66): view('user/pengaduan/...', Array)
#3 C:\xampp\htdocs\Pengaduan-laporkesana\vendor\codeigniter4\framework\system\CodeIgniter.php(931): App\Controllers\Pengaduan->tambah()
#4 C:\xampp\htdocs\Pengaduan-laporkesana\vendor\codeigniter4\framework\system\CodeIgniter.php(439): CodeIgniter\CodeIgniter->runController(Object(App\Controllers\Pengaduan))
#5 C:\xampp\htdocs\Pengaduan-laporkesana\vendor\codeigniter4\framework\system\CodeIgniter.php(339): CodeIgniter\CodeIgniter->handleRequest(NULL, Object(Config\Cache), false)
#6 C:\xampp\htdocs\Pengaduan-laporkesana\public\index.php(44): CodeIgniter\CodeIgniter->run()
#7 C:\xampp\htdocs\Pengaduan-laporkesana\vendor\codeigniter4\framework\system\Commands\Server\rewrite.php(45): require_once('C:\\xampp\\htdocs...')
#8 {main}
CRITICAL - 2024-01-12 12:27:34 --> Invalid file: user/pengaduan/tambah_pengaduan.php
#0 C:\xampp\htdocs\Pengaduan-laporkesana\vendor\codeigniter4\framework\system\View\View.php(213): CodeIgniter\Exceptions\FrameworkException::forInvalidFile('user/pengaduan/...')
#1 C:\xampp\htdocs\Pengaduan-laporkesana\vendor\codeigniter4\framework\system\Common.php(1250): CodeIgniter\View\View->render('user/pengaduan/...', Array, true)
#2 C:\xampp\htdocs\Pengaduan-laporkesana\app\Controllers\Pengaduan.php(66): view('user/pengaduan/...', Array)
#3 C:\xampp\htdocs\Pengaduan-laporkesana\vendor\codeigniter4\framework\system\CodeIgniter.php(931): App\Controllers\Pengaduan->tambah()
#4 C:\xampp\htdocs\Pengaduan-laporkesana\vendor\codeigniter4\framework\system\CodeIgniter.php(439): CodeIgniter\CodeIgniter->runController(Object(App\Controllers\Pengaduan))
#5 C:\xampp\htdocs\Pengaduan-laporkesana\vendor\codeigniter4\framework\system\CodeIgniter.php(339): CodeIgniter\CodeIgniter->handleRequest(NULL, Object(Config\Cache), false)
#6 C:\xampp\htdocs\Pengaduan-laporkesana\public\index.php(44): CodeIgniter\CodeIgniter->run()
#7 C:\xampp\htdocs\Pengaduan-laporkesana\vendor\codeigniter4\framework\system\Commands\Server\rewrite.php(45): require_once('C:\\xampp\\htdocs...')
#8 {main}
CRITICAL - 2024-01-12 12:33:34 --> Invalid file: user/pengaduan/index.php
#0 C:\xampp\htdocs\Pengaduan-laporkesana\vendor\codeigniter4\framework\system\View\View.php(213): CodeIgniter\Exceptions\FrameworkException::forInvalidFile('user/pengaduan/...')
#1 C:\xampp\htdocs\Pengaduan-laporkesana\vendor\codeigniter4\framework\system\Common.php(1250): CodeIgniter\View\View->render('user/pengaduan/...', Array, true)
#2 C:\xampp\htdocs\Pengaduan-laporkesana\app\Controllers\Pengaduan.php(26): view('user/pengaduan/...', Array)
#3 C:\xampp\htdocs\Pengaduan-laporkesana\vendor\codeigniter4\framework\system\CodeIgniter.php(931): App\Controllers\Pengaduan->index()
#4 C:\xampp\htdocs\Pengaduan-laporkesana\vendor\codeigniter4\framework\system\CodeIgniter.php(439): CodeIgniter\CodeIgniter->runController(Object(App\Controllers\Pengaduan))
#5 C:\xampp\htdocs\Pengaduan-laporkesana\vendor\codeigniter4\framework\system\CodeIgniter.php(339): CodeIgniter\CodeIgniter->handleRequest(NULL, Object(Config\Cache), false)
#6 C:\xampp\htdocs\Pengaduan-laporkesana\public\index.php(44): CodeIgniter\CodeIgniter->run()
#7 C:\xampp\htdocs\Pengaduan-laporkesana\vendor\codeigniter4\framework\system\Commands\Server\rewrite.php(45): require_once('C:\\xampp\\htdocs...')
#8 {main}
