ERROR - 2024-01-14 08:25:11 --> Unknown column 'user_ktp' in 'field list'
ERROR - 2024-01-14 08:25:51 --> Unknown column 'user_ktp' in 'field list'
CRITICAL - 2024-01-14 08:25:51 --> Call to a member function getResult() on bool
#0 C:\xampp\htdocs\Pengaduan-laporkesana\app\Controllers\Admin\ManageUser.php(116): App\Models\Admin\ManageUserModel->get_datatables_uu()
#1 C:\xampp\htdocs\Pengaduan-laporkesana\vendor\codeigniter4\framework\system\CodeIgniter.php(931): App\Controllers\Admin\ManageUser->dt_users_unverified()
#2 C:\xampp\htdocs\Pengaduan-laporkesana\vendor\codeigniter4\framework\system\CodeIgniter.php(439): CodeIgniter\CodeIgniter->runController(Object(App\Controllers\Admin\ManageUser))
#3 C:\xampp\htdocs\Pengaduan-laporkesana\vendor\codeigniter4\framework\system\CodeIgniter.php(339): CodeIgniter\CodeIgniter->handleRequest(NULL, Object(Config\Cache), false)
#4 C:\xampp\htdocs\Pengaduan-laporkesana\public\index.php(44): CodeIgniter\CodeIgniter->run()
#5 C:\xampp\htdocs\Pengaduan-laporkesana\vendor\codeigniter4\framework\system\Commands\Server\rewrite.php(45): require_once('C:\\xampp\\htdocs...')
#6 {main}
ERROR - 2024-01-14 08:26:02 --> Unknown column 'user_ktp' in 'field list'
CRITICAL - 2024-01-14 08:26:02 --> Call to a member function getResult() on bool
#0 C:\xampp\htdocs\Pengaduan-laporkesana\app\Controllers\Admin\ManageUser.php(116): App\Models\Admin\ManageUserModel->get_datatables_uu()
#1 C:\xampp\htdocs\Pengaduan-laporkesana\vendor\codeigniter4\framework\system\CodeIgniter.php(931): App\Controllers\Admin\ManageUser->dt_users_unverified()
#2 C:\xampp\htdocs\Pengaduan-laporkesana\vendor\codeigniter4\framework\system\CodeIgniter.php(439): CodeIgniter\CodeIgniter->runController(Object(App\Controllers\Admin\ManageUser))
#3 C:\xampp\htdocs\Pengaduan-laporkesana\vendor\codeigniter4\framework\system\CodeIgniter.php(339): CodeIgniter\CodeIgniter->handleRequest(NULL, Object(Config\Cache), false)
#4 C:\xampp\htdocs\Pengaduan-laporkesana\public\index.php(44): CodeIgniter\CodeIgniter->run()
#5 C:\xampp\htdocs\Pengaduan-laporkesana\vendor\codeigniter4\framework\system\Commands\Server\rewrite.php(45): require_once('C:\\xampp\\htdocs...')
#6 {main}
ERROR - 2024-01-14 08:28:10 --> Unknown column 'user_ktp' in 'field list'
CRITICAL - 2024-01-14 08:28:10 --> Call to a member function getResult() on bool
#0 C:\xampp\htdocs\Pengaduan-laporkesana\app\Controllers\Admin\ManageUser.php(116): App\Models\Admin\ManageUserModel->get_datatables_uu()
#1 C:\xampp\htdocs\Pengaduan-laporkesana\vendor\codeigniter4\framework\system\CodeIgniter.php(931): App\Controllers\Admin\ManageUser->dt_users_unverified()
#2 C:\xampp\htdocs\Pengaduan-laporkesana\vendor\codeigniter4\framework\system\CodeIgniter.php(439): CodeIgniter\CodeIgniter->runController(Object(App\Controllers\Admin\ManageUser))
#3 C:\xampp\htdocs\Pengaduan-laporkesana\vendor\codeigniter4\framework\system\CodeIgniter.php(339): CodeIgniter\CodeIgniter->handleRequest(NULL, Object(Config\Cache), false)
#4 C:\xampp\htdocs\Pengaduan-laporkesana\public\index.php(44): CodeIgniter\CodeIgniter->run()
#5 C:\xampp\htdocs\Pengaduan-laporkesana\vendor\codeigniter4\framework\system\Commands\Server\rewrite.php(45): require_once('C:\\xampp\\htdocs...')
#6 {main}
ERROR - 2024-01-14 08:29:35 --> Unknown column 'user_ktp' in 'field list'
CRITICAL - 2024-01-14 08:29:35 --> Call to a member function getResult() on bool
#0 C:\xampp\htdocs\Pengaduan-laporkesana\app\Controllers\Admin\ManageUser.php(116): App\Models\Admin\ManageUserModel->get_datatables_uu()
#1 C:\xampp\htdocs\Pengaduan-laporkesana\vendor\codeigniter4\framework\system\CodeIgniter.php(931): App\Controllers\Admin\ManageUser->dt_users_unverified()
#2 C:\xampp\htdocs\Pengaduan-laporkesana\vendor\codeigniter4\framework\system\CodeIgniter.php(439): CodeIgniter\CodeIgniter->runController(Object(App\Controllers\Admin\ManageUser))
#3 C:\xampp\htdocs\Pengaduan-laporkesana\vendor\codeigniter4\framework\system\CodeIgniter.php(339): CodeIgniter\CodeIgniter->handleRequest(NULL, Object(Config\Cache), false)
#4 C:\xampp\htdocs\Pengaduan-laporkesana\public\index.php(44): CodeIgniter\CodeIgniter->run()
#5 C:\xampp\htdocs\Pengaduan-laporkesana\vendor\codeigniter4\framework\system\Commands\Server\rewrite.php(45): require_once('C:\\xampp\\htdocs...')
#6 {main}
ERROR - 2024-01-14 08:32:17 --> Unknown column 'user_ktp' in 'field list'
CRITICAL - 2024-01-14 08:32:17 --> Call to a member function getResult() on bool
#0 C:\xampp\htdocs\Pengaduan-laporkesana\app\Controllers\Admin\ManageUser.php(116): App\Models\Admin\ManageUserModel->get_datatables_uu()
#1 C:\xampp\htdocs\Pengaduan-laporkesana\vendor\codeigniter4\framework\system\CodeIgniter.php(931): App\Controllers\Admin\ManageUser->dt_users_unverified()
#2 C:\xampp\htdocs\Pengaduan-laporkesana\vendor\codeigniter4\framework\system\CodeIgniter.php(439): CodeIgniter\CodeIgniter->runController(Object(App\Controllers\Admin\ManageUser))
#3 C:\xampp\htdocs\Pengaduan-laporkesana\vendor\codeigniter4\framework\system\CodeIgniter.php(339): CodeIgniter\CodeIgniter->handleRequest(NULL, Object(Config\Cache), false)
#4 C:\xampp\htdocs\Pengaduan-laporkesana\public\index.php(44): CodeIgniter\CodeIgniter->run()
#5 C:\xampp\htdocs\Pengaduan-laporkesana\vendor\codeigniter4\framework\system\Commands\Server\rewrite.php(45): require_once('C:\\xampp\\htdocs...')
#6 {main}
ERROR - 2024-01-14 08:33:58 --> Unknown column 'user_ktp' in 'field list'
CRITICAL - 2024-01-14 08:33:58 --> Call to a member function getResult() on bool
#0 C:\xampp\htdocs\Pengaduan-laporkesana\app\Controllers\Admin\ManageUser.php(116): App\Models\Admin\ManageUserModel->get_datatables_uu()
#1 C:\xampp\htdocs\Pengaduan-laporkesana\vendor\codeigniter4\framework\system\CodeIgniter.php(931): App\Controllers\Admin\ManageUser->dt_users_unverified()
#2 C:\xampp\htdocs\Pengaduan-laporkesana\vendor\codeigniter4\framework\system\CodeIgniter.php(439): CodeIgniter\CodeIgniter->runController(Object(App\Controllers\Admin\ManageUser))
#3 C:\xampp\htdocs\Pengaduan-laporkesana\vendor\codeigniter4\framework\system\CodeIgniter.php(339): CodeIgniter\CodeIgniter->handleRequest(NULL, Object(Config\Cache), false)
#4 C:\xampp\htdocs\Pengaduan-laporkesana\public\index.php(44): CodeIgniter\CodeIgniter->run()
#5 C:\xampp\htdocs\Pengaduan-laporkesana\vendor\codeigniter4\framework\system\Commands\Server\rewrite.php(45): require_once('C:\\xampp\\htdocs...')
#6 {main}
ERROR - 2024-01-14 08:46:50 --> Unknown column 'user_ktp' in 'field list'
CRITICAL - 2024-01-14 08:46:50 --> Call to a member function getResult() on bool
#0 C:\xampp\htdocs\Pengaduan-laporkesana\app\Controllers\Admin\ManageUser.php(116): App\Models\Admin\ManageUserModel->get_datatables_uu()
#1 C:\xampp\htdocs\Pengaduan-laporkesana\vendor\codeigniter4\framework\system\CodeIgniter.php(931): App\Controllers\Admin\ManageUser->dt_users_unverified()
#2 C:\xampp\htdocs\Pengaduan-laporkesana\vendor\codeigniter4\framework\system\CodeIgniter.php(439): CodeIgniter\CodeIgniter->runController(Object(App\Controllers\Admin\ManageUser))
#3 C:\xampp\htdocs\Pengaduan-laporkesana\vendor\codeigniter4\framework\system\CodeIgniter.php(339): CodeIgniter\CodeIgniter->handleRequest(NULL, Object(Config\Cache), false)
#4 C:\xampp\htdocs\Pengaduan-laporkesana\public\index.php(44): CodeIgniter\CodeIgniter->run()
#5 C:\xampp\htdocs\Pengaduan-laporkesana\vendor\codeigniter4\framework\system\Commands\Server\rewrite.php(45): require_once('C:\\xampp\\htdocs...')
#6 {main}
ERROR - 2024-01-14 08:55:04 --> Unknown column 'user_ktp' in 'field list'
CRITICAL - 2024-01-14 08:55:04 --> Call to a member function getResult() on bool
#0 C:\xampp\htdocs\Pengaduan-laporkesana\app\Controllers\Admin\ManageUser.php(116): App\Models\Admin\ManageUserModel->get_datatables_uu()
#1 C:\xampp\htdocs\Pengaduan-laporkesana\vendor\codeigniter4\framework\system\CodeIgniter.php(931): App\Controllers\Admin\ManageUser->dt_users_unverified()
#2 C:\xampp\htdocs\Pengaduan-laporkesana\vendor\codeigniter4\framework\system\CodeIgniter.php(439): CodeIgniter\CodeIgniter->runController(Object(App\Controllers\Admin\ManageUser))
#3 C:\xampp\htdocs\Pengaduan-laporkesana\vendor\codeigniter4\framework\system\CodeIgniter.php(339): CodeIgniter\CodeIgniter->handleRequest(NULL, Object(Config\Cache), false)
#4 C:\xampp\htdocs\Pengaduan-laporkesana\public\index.php(44): CodeIgniter\CodeIgniter->run()
#5 C:\xampp\htdocs\Pengaduan-laporkesana\vendor\codeigniter4\framework\system\Commands\Server\rewrite.php(45): require_once('C:\\xampp\\htdocs...')
#6 {main}
ERROR - 2024-01-14 09:06:40 --> Unknown column 'user_ktp' in 'field list'
CRITICAL - 2024-01-14 09:06:40 --> Call to a member function getResult() on bool
#0 C:\xampp\htdocs\Pengaduan-laporkesana\app\Controllers\Admin\ManageUser.php(116): App\Models\Admin\ManageUserModel->get_datatables_uu()
#1 C:\xampp\htdocs\Pengaduan-laporkesana\vendor\codeigniter4\framework\system\CodeIgniter.php(931): App\Controllers\Admin\ManageUser->dt_users_unverified()
#2 C:\xampp\htdocs\Pengaduan-laporkesana\vendor\codeigniter4\framework\system\CodeIgniter.php(439): CodeIgniter\CodeIgniter->runController(Object(App\Controllers\Admin\ManageUser))
#3 C:\xampp\htdocs\Pengaduan-laporkesana\vendor\codeigniter4\framework\system\CodeIgniter.php(339): CodeIgniter\CodeIgniter->handleRequest(NULL, Object(Config\Cache), false)
#4 C:\xampp\htdocs\Pengaduan-laporkesana\public\index.php(44): CodeIgniter\CodeIgniter->run()
#5 C:\xampp\htdocs\Pengaduan-laporkesana\vendor\codeigniter4\framework\system\Commands\Server\rewrite.php(45): require_once('C:\\xampp\\htdocs...')
#6 {main}
CRITICAL - 2024-01-14 09:35:57 --> Undefined property: stdClass::$user_identitas
#0 C:\xampp\htdocs\Pengaduan-laporkesana\app\Controllers\Admin\ManageUser.php(130): CodeIgniter\Debug\Exceptions->errorHandler(2, 'Undefined prope...', 'C:\\xampp\\htdocs...', 130)
#1 C:\xampp\htdocs\Pengaduan-laporkesana\vendor\codeigniter4\framework\system\CodeIgniter.php(931): App\Controllers\Admin\ManageUser->dt_users_unverified()
#2 C:\xampp\htdocs\Pengaduan-laporkesana\vendor\codeigniter4\framework\system\CodeIgniter.php(439): CodeIgniter\CodeIgniter->runController(Object(App\Controllers\Admin\ManageUser))
#3 C:\xampp\htdocs\Pengaduan-laporkesana\vendor\codeigniter4\framework\system\CodeIgniter.php(339): CodeIgniter\CodeIgniter->handleRequest(NULL, Object(Config\Cache), false)
#4 C:\xampp\htdocs\Pengaduan-laporkesana\public\index.php(44): CodeIgniter\CodeIgniter->run()
#5 C:\xampp\htdocs\Pengaduan-laporkesana\vendor\codeigniter4\framework\system\Commands\Server\rewrite.php(45): require_once('C:\\xampp\\htdocs...')
#6 {main}
