CRITICAL - 2024-01-04 09:56:34 --> Constant FILTER_SANITIZE_STRING is deprecated
#0 C:\Pengaduan\vendor\codeigniter4\framework\system\HTTP\CLIRequest.php(205): CodeIgniter\Debug\Exceptions->errorHandler(8192, 'Constant FILTER...', 'C:\\Pengaduan\\ve...', 205)
#1 C:\Pengaduan\vendor\codeigniter4\framework\system\HTTP\CLIRequest.php(70): CodeIgniter\HTTP\CLIRequest->parseCommand()
#2 C:\Pengaduan\vendor\codeigniter4\framework\system\Config\Services.php(133): CodeIgniter\HTTP\CLIRequest->__construct(Object(Config\App))
#3 C:\Pengaduan\vendor\codeigniter4\framework\system\Config\BaseService.php(263): CodeIgniter\Config\Services::clirequest(Object(Config\App), false)
#4 C:\Pengaduan\vendor\codeigniter4\framework\system\Config\BaseService.php(192): CodeIgniter\Config\BaseService::__callStatic('clirequest', Array)
#5 C:\Pengaduan\vendor\codeigniter4\framework\system\Config\Services.php(128): CodeIgniter\Config\BaseService::getSharedInstance('clirequest', Object(Config\App))
#6 C:\Pengaduan\vendor\codeigniter4\framework\system\Config\BaseService.php(263): CodeIgniter\Config\Services::clirequest(Object(Config\App))
#7 C:\Pengaduan\vendor\codeigniter4\framework\system\CodeIgniter.php(589): CodeIgniter\Config\BaseService::__callStatic('clirequest', Array)
#8 C:\Pengaduan\vendor\codeigniter4\framework\system\CodeIgniter.php(312): CodeIgniter\CodeIgniter->getRequestObject()
#9 C:\Pengaduan\vendor\codeigniter4\framework\system\CLI\Console.php(61): CodeIgniter\CodeIgniter->run()
#10 C:\Pengaduan\spark(66): CodeIgniter\CLI\Console->run()
#11 {main}
CRITICAL - 2024-01-04 09:58:53 --> Constant FILTER_SANITIZE_STRING is deprecated
#0 C:\Pengaduan-laporkesana\vendor\codeigniter4\framework\system\HTTP\CLIRequest.php(205): CodeIgniter\Debug\Exceptions->errorHandler(8192, 'Constant FILTER...', 'C:\\Pengaduan-la...', 205)
#1 C:\Pengaduan-laporkesana\vendor\codeigniter4\framework\system\HTTP\CLIRequest.php(70): CodeIgniter\HTTP\CLIRequest->parseCommand()
#2 C:\Pengaduan-laporkesana\vendor\codeigniter4\framework\system\Config\Services.php(133): CodeIgniter\HTTP\CLIRequest->__construct(Object(Config\App))
#3 C:\Pengaduan-laporkesana\vendor\codeigniter4\framework\system\Config\BaseService.php(263): CodeIgniter\Config\Services::clirequest(Object(Config\App), false)
#4 C:\Pengaduan-laporkesana\vendor\codeigniter4\framework\system\Config\BaseService.php(192): CodeIgniter\Config\BaseService::__callStatic('clirequest', Array)
#5 C:\Pengaduan-laporkesana\vendor\codeigniter4\framework\system\Config\Services.php(128): CodeIgniter\Config\BaseService::getSharedInstance('clirequest', Object(Config\App))
#6 C:\Pengaduan-laporkesana\vendor\codeigniter4\framework\system\Config\BaseService.php(263): CodeIgniter\Config\Services::clirequest(Object(Config\App))
#7 C:\Pengaduan-laporkesana\vendor\codeigniter4\framework\system\CodeIgniter.php(589): CodeIgniter\Config\BaseService::__callStatic('clirequest', Array)
#8 C:\Pengaduan-laporkesana\vendor\codeigniter4\framework\system\CodeIgniter.php(312): CodeIgniter\CodeIgniter->getRequestObject()
#9 C:\Pengaduan-laporkesana\vendor\codeigniter4\framework\system\CLI\Console.php(61): CodeIgniter\CodeIgniter->run()
#10 C:\Pengaduan-laporkesana\spark(66): CodeIgniter\CLI\Console->run()
#11 {main}
CRITICAL - 2024-01-04 10:05:24 --> Constant FILTER_SANITIZE_STRING is deprecated
#0 C:\xampp\htdocs\Pengaduan-laporkesana\vendor\codeigniter4\framework\system\HTTP\CLIRequest.php(205): CodeIgniter\Debug\Exceptions->errorHandler(8192, 'Constant FILTER...', 'C:\\xampp\\htdocs...', 205)
#1 C:\xampp\htdocs\Pengaduan-laporkesana\vendor\codeigniter4\framework\system\HTTP\CLIRequest.php(70): CodeIgniter\HTTP\CLIRequest->parseCommand()
#2 C:\xampp\htdocs\Pengaduan-laporkesana\vendor\codeigniter4\framework\system\Config\Services.php(133): CodeIgniter\HTTP\CLIRequest->__construct(Object(Config\App))
#3 C:\xampp\htdocs\Pengaduan-laporkesana\vendor\codeigniter4\framework\system\Config\BaseService.php(263): CodeIgniter\Config\Services::clirequest(Object(Config\App), false)
#4 C:\xampp\htdocs\Pengaduan-laporkesana\vendor\codeigniter4\framework\system\Config\BaseService.php(192): CodeIgniter\Config\BaseService::__callStatic('clirequest', Array)
#5 C:\xampp\htdocs\Pengaduan-laporkesana\vendor\codeigniter4\framework\system\Config\Services.php(128): CodeIgniter\Config\BaseService::getSharedInstance('clirequest', Object(Config\App))
#6 C:\xampp\htdocs\Pengaduan-laporkesana\vendor\codeigniter4\framework\system\Config\BaseService.php(263): CodeIgniter\Config\Services::clirequest(Object(Config\App))
#7 C:\xampp\htdocs\Pengaduan-laporkesana\vendor\codeigniter4\framework\system\CodeIgniter.php(589): CodeIgniter\Config\BaseService::__callStatic('clirequest', Array)
#8 C:\xampp\htdocs\Pengaduan-laporkesana\vendor\codeigniter4\framework\system\CodeIgniter.php(312): CodeIgniter\CodeIgniter->getRequestObject()
#9 C:\xampp\htdocs\Pengaduan-laporkesana\vendor\codeigniter4\framework\system\CLI\Console.php(61): CodeIgniter\CodeIgniter->run()
#10 C:\xampp\htdocs\Pengaduan-laporkesana\spark(66): CodeIgniter\CLI\Console->run()
#11 {main}
