CRITICAL - 2024-01-08 12:51:08 --> Undefined variable $username
#0 C:\xampp\htdocs\Pengaduan-laporkesana\app\Views\user\pengaduan\tambah_pengaduan.php(56): CodeIgniter\Debug\Exceptions->errorHandler(2, 'Undefined varia...', 'C:\\xampp\\htdocs...', 56)
#1 C:\xampp\htdocs\Pengaduan-laporkesana\vendor\codeigniter4\framework\system\View\View.php(230): include('C:\\xampp\\htdocs...')
#2 C:\xampp\htdocs\Pengaduan-laporkesana\vendor\codeigniter4\framework\system\View\View.php(232): CodeIgniter\View\View->CodeIgniter\View\{closure}()
#3 C:\xampp\htdocs\Pengaduan-laporkesana\vendor\codeigniter4\framework\system\Common.php(1250): CodeIgniter\View\View->render('user/pengaduan/...', Array, true)
#4 C:\xampp\htdocs\Pengaduan-laporkesana\app\Controllers\Pengaduan.php(66): view('user/pengaduan/...', Array)
#5 C:\xampp\htdocs\Pengaduan-laporkesana\vendor\codeigniter4\framework\system\CodeIgniter.php(931): App\Controllers\Pengaduan->tambah()
#6 C:\xampp\htdocs\Pengaduan-laporkesana\vendor\codeigniter4\framework\system\CodeIgniter.php(439): CodeIgniter\CodeIgniter->runController(Object(App\Controllers\Pengaduan))
#7 C:\xampp\htdocs\Pengaduan-laporkesana\vendor\codeigniter4\framework\system\CodeIgniter.php(339): CodeIgniter\CodeIgniter->handleRequest(NULL, Object(Config\Cache), false)
#8 C:\xampp\htdocs\Pengaduan-laporkesana\public\index.php(44): CodeIgniter\CodeIgniter->run()
#9 C:\xampp\htdocs\Pengaduan-laporkesana\vendor\codeigniter4\framework\system\Commands\Server\rewrite.php(45): require_once('C:\\xampp\\htdocs...')
#10 {main}
CRITICAL - 2024-01-08 12:51:11 --> Undefined variable $username
#0 C:\xampp\htdocs\Pengaduan-laporkesana\app\Views\user\pengaduan\tambah_pengaduan.php(56): CodeIgniter\Debug\Exceptions->errorHandler(2, 'Undefined varia...', 'C:\\xampp\\htdocs...', 56)
#1 C:\xampp\htdocs\Pengaduan-laporkesana\vendor\codeigniter4\framework\system\View\View.php(230): include('C:\\xampp\\htdocs...')
#2 C:\xampp\htdocs\Pengaduan-laporkesana\vendor\codeigniter4\framework\system\View\View.php(232): CodeIgniter\View\View->CodeIgniter\View\{closure}()
#3 C:\xampp\htdocs\Pengaduan-laporkesana\vendor\codeigniter4\framework\system\Common.php(1250): CodeIgniter\View\View->render('user/pengaduan/...', Array, true)
#4 C:\xampp\htdocs\Pengaduan-laporkesana\app\Controllers\Pengaduan.php(66): view('user/pengaduan/...', Array)
#5 C:\xampp\htdocs\Pengaduan-laporkesana\vendor\codeigniter4\framework\system\CodeIgniter.php(931): App\Controllers\Pengaduan->tambah()
#6 C:\xampp\htdocs\Pengaduan-laporkesana\vendor\codeigniter4\framework\system\CodeIgniter.php(439): CodeIgniter\CodeIgniter->runController(Object(App\Controllers\Pengaduan))
#7 C:\xampp\htdocs\Pengaduan-laporkesana\vendor\codeigniter4\framework\system\CodeIgniter.php(339): CodeIgniter\CodeIgniter->handleRequest(NULL, Object(Config\Cache), false)
#8 C:\xampp\htdocs\Pengaduan-laporkesana\public\index.php(44): CodeIgniter\CodeIgniter->run()
#9 C:\xampp\htdocs\Pengaduan-laporkesana\vendor\codeigniter4\framework\system\Commands\Server\rewrite.php(45): require_once('C:\\xampp\\htdocs...')
#10 {main}
