CRITICAL - 2024-01-22 22:54:25 --> Undefined variable $data
#0 C:\xampp\htdocs\Pengaduan-laporkesana\app\Views\user\pengaduan\tambah_pengaduan.php(53): CodeIgniter\Debug\Exceptions->errorHandler(2, 'Undefined varia...', 'C:\\xampp\\htdocs...', 53)
#1 C:\xampp\htdocs\Pengaduan-laporkesana\vendor\codeigniter4\framework\system\View\View.php(230): include('C:\\xampp\\htdocs...')
#2 C:\xampp\htdocs\Pengaduan-laporkesana\vendor\codeigniter4\framework\system\View\View.php(232): CodeIgniter\View\View->CodeIgniter\View\{closure}()
#3 C:\xampp\htdocs\Pengaduan-laporkesana\vendor\codeigniter4\framework\system\Common.php(1250): CodeIgniter\View\View->render('user/pengaduan/...', Array, true)
#4 C:\xampp\htdocs\Pengaduan-laporkesana\app\Controllers\Pengaduan.php(66): view('user/pengaduan/...', Array)
#5 C:\xampp\htdocs\Pengaduan-laporkesana\vendor\codeigniter4\framework\system\CodeIgniter.php(931): App\Controllers\Pengaduan->tambah()
#6 C:\xampp\htdocs\Pengaduan-laporkesana\vendor\codeigniter4\framework\system\CodeIgniter.php(439): CodeIgniter\CodeIgniter->runController(Object(App\Controllers\Pengaduan))
#7 C:\xampp\htdocs\Pengaduan-laporkesana\vendor\codeigniter4\framework\system\CodeIgniter.php(339): CodeIgniter\CodeIgniter->handleRequest(NULL, Object(Config\Cache), false)
#8 C:\xampp\htdocs\Pengaduan-laporkesana\public\index.php(44): CodeIgniter\CodeIgniter->run()
#9 C:\xampp\htdocs\Pengaduan-laporkesana\vendor\codeigniter4\framework\system\Commands\Server\rewrite.php(45): require_once('C:\\xampp\\htdocs...')
#10 {main}
CRITICAL - 2024-01-22 23:15:56 --> Undefined array key "username_pengadu"
#0 C:\xampp\htdocs\Pengaduan-laporkesana\app\Views\admin\pengaduan\detail_pengaduan.php(46): CodeIgniter\Debug\Exceptions->errorHandler(2, 'Undefined array...', 'C:\\xampp\\htdocs...', 46)
#1 C:\xampp\htdocs\Pengaduan-laporkesana\vendor\codeigniter4\framework\system\View\View.php(230): include('C:\\xampp\\htdocs...')
#2 C:\xampp\htdocs\Pengaduan-laporkesana\vendor\codeigniter4\framework\system\View\View.php(232): CodeIgniter\View\View->CodeIgniter\View\{closure}()
#3 C:\xampp\htdocs\Pengaduan-laporkesana\vendor\codeigniter4\framework\system\Common.php(1250): CodeIgniter\View\View->render('admin/pengaduan...', Array, true)
#4 C:\xampp\htdocs\Pengaduan-laporkesana\app\Controllers\Admin\Pengaduan.php(68): view('admin/pengaduan...', Array)
#5 C:\xampp\htdocs\Pengaduan-laporkesana\vendor\codeigniter4\framework\system\CodeIgniter.php(931): App\Controllers\admin\Pengaduan->detail('56')
#6 C:\xampp\htdocs\Pengaduan-laporkesana\vendor\codeigniter4\framework\system\CodeIgniter.php(439): CodeIgniter\CodeIgniter->runController(Object(App\Controllers\admin\Pengaduan))
#7 C:\xampp\htdocs\Pengaduan-laporkesana\vendor\codeigniter4\framework\system\CodeIgniter.php(339): CodeIgniter\CodeIgniter->handleRequest(NULL, Object(Config\Cache), false)
#8 C:\xampp\htdocs\Pengaduan-laporkesana\public\index.php(44): CodeIgniter\CodeIgniter->run()
#9 C:\xampp\htdocs\Pengaduan-laporkesana\vendor\codeigniter4\framework\system\Commands\Server\rewrite.php(45): require_once('C:\\xampp\\htdocs...')
#10 {main}
CRITICAL - 2024-01-22 23:16:29 --> Undefined array key "username"
#0 C:\xampp\htdocs\Pengaduan-laporkesana\app\Views\admin\pengaduan\detail_pengaduan.php(46): CodeIgniter\Debug\Exceptions->errorHandler(2, 'Undefined array...', 'C:\\xampp\\htdocs...', 46)
#1 C:\xampp\htdocs\Pengaduan-laporkesana\vendor\codeigniter4\framework\system\View\View.php(230): include('C:\\xampp\\htdocs...')
#2 C:\xampp\htdocs\Pengaduan-laporkesana\vendor\codeigniter4\framework\system\View\View.php(232): CodeIgniter\View\View->CodeIgniter\View\{closure}()
#3 C:\xampp\htdocs\Pengaduan-laporkesana\vendor\codeigniter4\framework\system\Common.php(1250): CodeIgniter\View\View->render('admin/pengaduan...', Array, true)
#4 C:\xampp\htdocs\Pengaduan-laporkesana\app\Controllers\Admin\Pengaduan.php(68): view('admin/pengaduan...', Array)
#5 C:\xampp\htdocs\Pengaduan-laporkesana\vendor\codeigniter4\framework\system\CodeIgniter.php(931): App\Controllers\admin\Pengaduan->detail('56')
#6 C:\xampp\htdocs\Pengaduan-laporkesana\vendor\codeigniter4\framework\system\CodeIgniter.php(439): CodeIgniter\CodeIgniter->runController(Object(App\Controllers\admin\Pengaduan))
#7 C:\xampp\htdocs\Pengaduan-laporkesana\vendor\codeigniter4\framework\system\CodeIgniter.php(339): CodeIgniter\CodeIgniter->handleRequest(NULL, Object(Config\Cache), false)
#8 C:\xampp\htdocs\Pengaduan-laporkesana\public\index.php(44): CodeIgniter\CodeIgniter->run()
#9 C:\xampp\htdocs\Pengaduan-laporkesana\vendor\codeigniter4\framework\system\Commands\Server\rewrite.php(45): require_once('C:\\xampp\\htdocs...')
#10 {main}
CRITICAL - 2024-01-22 23:16:30 --> Undefined array key "username"
#0 C:\xampp\htdocs\Pengaduan-laporkesana\app\Views\admin\pengaduan\detail_pengaduan.php(46): CodeIgniter\Debug\Exceptions->errorHandler(2, 'Undefined array...', 'C:\\xampp\\htdocs...', 46)
#1 C:\xampp\htdocs\Pengaduan-laporkesana\vendor\codeigniter4\framework\system\View\View.php(230): include('C:\\xampp\\htdocs...')
#2 C:\xampp\htdocs\Pengaduan-laporkesana\vendor\codeigniter4\framework\system\View\View.php(232): CodeIgniter\View\View->CodeIgniter\View\{closure}()
#3 C:\xampp\htdocs\Pengaduan-laporkesana\vendor\codeigniter4\framework\system\Common.php(1250): CodeIgniter\View\View->render('admin/pengaduan...', Array, true)
#4 C:\xampp\htdocs\Pengaduan-laporkesana\app\Controllers\Admin\Pengaduan.php(68): view('admin/pengaduan...', Array)
#5 C:\xampp\htdocs\Pengaduan-laporkesana\vendor\codeigniter4\framework\system\CodeIgniter.php(931): App\Controllers\admin\Pengaduan->detail('56')
#6 C:\xampp\htdocs\Pengaduan-laporkesana\vendor\codeigniter4\framework\system\CodeIgniter.php(439): CodeIgniter\CodeIgniter->runController(Object(App\Controllers\admin\Pengaduan))
#7 C:\xampp\htdocs\Pengaduan-laporkesana\vendor\codeigniter4\framework\system\CodeIgniter.php(339): CodeIgniter\CodeIgniter->handleRequest(NULL, Object(Config\Cache), false)
#8 C:\xampp\htdocs\Pengaduan-laporkesana\public\index.php(44): CodeIgniter\CodeIgniter->run()
#9 C:\xampp\htdocs\Pengaduan-laporkesana\vendor\codeigniter4\framework\system\Commands\Server\rewrite.php(45): require_once('C:\\xampp\\htdocs...')
#10 {main}
