CRITICAL - 2024-01-06 08:11:21 --> Constant FILTER_SANITIZE_STRING is deprecated
#0 C:\xampp\htdocs\Pengaduan-laporkesana\vendor\codeigniter4\framework\system\HTTP\CLIRequest.php(205): CodeIgniter\Debug\Exceptions->errorHandler(8192, 'Constant FILTER...', 'C:\\xampp\\htdocs...', 205)
#1 C:\xampp\htdocs\Pengaduan-laporkesana\vendor\codeigniter4\framework\system\HTTP\CLIRequest.php(70): CodeIgniter\HTTP\CLIRequest->parseCommand()
#2 C:\xampp\htdocs\Pengaduan-laporkesana\vendor\codeigniter4\framework\system\Config\Services.php(133): CodeIgniter\HTTP\CLIRequest->__construct(Object(Config\App))
#3 C:\xampp\htdocs\Pengaduan-laporkesana\vendor\codeigniter4\framework\system\Config\BaseService.php(263): CodeIgniter\Config\Services::clirequest(Object(Config\App), false)
#4 C:\xampp\htdocs\Pengaduan-laporkesana\vendor\codeigniter4\framework\system\Config\BaseService.php(192): CodeIgniter\Config\BaseService::__callStatic('clirequest', Array)
#5 C:\xampp\htdocs\Pengaduan-laporkesana\vendor\codeigniter4\framework\system\Config\Services.php(128): CodeIgniter\Config\BaseService::getSharedInstance('clirequest', Object(Config\App))
#6 C:\xampp\htdocs\Pengaduan-laporkesana\vendor\codeigniter4\framework\system\Config\BaseService.php(263): CodeIgniter\Config\Services::clirequest(Object(Config\App))
#7 C:\xampp\htdocs\Pengaduan-laporkesana\vendor\codeigniter4\framework\system\CodeIgniter.php(589): CodeIgniter\Config\BaseService::__callStatic('clirequest', Array)
#8 C:\xampp\htdocs\Pengaduan-laporkesana\vendor\codeigniter4\framework\system\CodeIgniter.php(312): CodeIgniter\CodeIgniter->getRequestObject()
#9 C:\xampp\htdocs\Pengaduan-laporkesana\vendor\codeigniter4\framework\system\CLI\Console.php(61): CodeIgniter\CodeIgniter->run()
#10 C:\xampp\htdocs\Pengaduan-laporkesana\spark(66): CodeIgniter\CLI\Console->run()
#11 {main}
CRITICAL - 2024-01-06 08:22:31 --> Undefined constant "CodeIgniter\HTTP\FILTER_SANITIZE_STRING_FULL_SPECIAL_CHARS"
#0 C:\xampp\htdocs\Pengaduan-laporkesana\vendor\codeigniter4\framework\system\HTTP\CLIRequest.php(70): CodeIgniter\HTTP\CLIRequest->parseCommand()
#1 C:\xampp\htdocs\Pengaduan-laporkesana\vendor\codeigniter4\framework\system\Config\Services.php(133): CodeIgniter\HTTP\CLIRequest->__construct(Object(Config\App))
#2 C:\xampp\htdocs\Pengaduan-laporkesana\vendor\codeigniter4\framework\system\Config\BaseService.php(263): CodeIgniter\Config\Services::clirequest(Object(Config\App), false)
#3 C:\xampp\htdocs\Pengaduan-laporkesana\vendor\codeigniter4\framework\system\Config\BaseService.php(192): CodeIgniter\Config\BaseService::__callStatic('clirequest', Array)
#4 C:\xampp\htdocs\Pengaduan-laporkesana\vendor\codeigniter4\framework\system\Config\Services.php(128): CodeIgniter\Config\BaseService::getSharedInstance('clirequest', Object(Config\App))
#5 C:\xampp\htdocs\Pengaduan-laporkesana\vendor\codeigniter4\framework\system\Config\BaseService.php(263): CodeIgniter\Config\Services::clirequest(Object(Config\App))
#6 C:\xampp\htdocs\Pengaduan-laporkesana\vendor\codeigniter4\framework\system\CodeIgniter.php(589): CodeIgniter\Config\BaseService::__callStatic('clirequest', Array)
#7 C:\xampp\htdocs\Pengaduan-laporkesana\vendor\codeigniter4\framework\system\CodeIgniter.php(312): CodeIgniter\CodeIgniter->getRequestObject()
#8 C:\xampp\htdocs\Pengaduan-laporkesana\vendor\codeigniter4\framework\system\CLI\Console.php(61): CodeIgniter\CodeIgniter->run()
#9 C:\xampp\htdocs\Pengaduan-laporkesana\spark(66): CodeIgniter\CLI\Console->run()
#10 {main}
CRITICAL - 2024-01-06 08:23:13 --> Undefined constant "CodeIgniter\HTTP\FILTER_SANITIZE_STRING_FULL_SPECIAL_CHARS"
#0 C:\xampp\htdocs\Pengaduan-laporkesana\vendor\codeigniter4\framework\system\HTTP\CLIRequest.php(70): CodeIgniter\HTTP\CLIRequest->parseCommand()
#1 C:\xampp\htdocs\Pengaduan-laporkesana\vendor\codeigniter4\framework\system\Config\Services.php(133): CodeIgniter\HTTP\CLIRequest->__construct(Object(Config\App))
#2 C:\xampp\htdocs\Pengaduan-laporkesana\vendor\codeigniter4\framework\system\Config\BaseService.php(263): CodeIgniter\Config\Services::clirequest(Object(Config\App), false)
#3 C:\xampp\htdocs\Pengaduan-laporkesana\vendor\codeigniter4\framework\system\Config\BaseService.php(192): CodeIgniter\Config\BaseService::__callStatic('clirequest', Array)
#4 C:\xampp\htdocs\Pengaduan-laporkesana\vendor\codeigniter4\framework\system\Config\Services.php(128): CodeIgniter\Config\BaseService::getSharedInstance('clirequest', Object(Config\App))
#5 C:\xampp\htdocs\Pengaduan-laporkesana\vendor\codeigniter4\framework\system\Config\BaseService.php(263): CodeIgniter\Config\Services::clirequest(Object(Config\App))
#6 C:\xampp\htdocs\Pengaduan-laporkesana\vendor\codeigniter4\framework\system\CodeIgniter.php(589): CodeIgniter\Config\BaseService::__callStatic('clirequest', Array)
#7 C:\xampp\htdocs\Pengaduan-laporkesana\vendor\codeigniter4\framework\system\CodeIgniter.php(312): CodeIgniter\CodeIgniter->getRequestObject()
#8 C:\xampp\htdocs\Pengaduan-laporkesana\vendor\codeigniter4\framework\system\CLI\Console.php(61): CodeIgniter\CodeIgniter->run()
#9 C:\xampp\htdocs\Pengaduan-laporkesana\spark(66): CodeIgniter\CLI\Console->run()
#10 {main}
CRITICAL - 2024-01-06 08:25:13 --> Undefined constant "CodeIgniter\HTTP\FILTER_SANITIZE_STRING_FULL_SPECIAL_CHARS"
#0 C:\xampp\htdocs\Pengaduan-laporkesana\vendor\codeigniter4\framework\system\HTTP\CLIRequest.php(70): CodeIgniter\HTTP\CLIRequest->parseCommand()
#1 C:\xampp\htdocs\Pengaduan-laporkesana\vendor\codeigniter4\framework\system\Config\Services.php(133): CodeIgniter\HTTP\CLIRequest->__construct(Object(Config\App))
#2 C:\xampp\htdocs\Pengaduan-laporkesana\vendor\codeigniter4\framework\system\Config\BaseService.php(263): CodeIgniter\Config\Services::clirequest(Object(Config\App), false)
#3 C:\xampp\htdocs\Pengaduan-laporkesana\vendor\codeigniter4\framework\system\Config\BaseService.php(192): CodeIgniter\Config\BaseService::__callStatic('clirequest', Array)
#4 C:\xampp\htdocs\Pengaduan-laporkesana\vendor\codeigniter4\framework\system\Config\Services.php(128): CodeIgniter\Config\BaseService::getSharedInstance('clirequest', Object(Config\App))
#5 C:\xampp\htdocs\Pengaduan-laporkesana\vendor\codeigniter4\framework\system\Config\BaseService.php(263): CodeIgniter\Config\Services::clirequest(Object(Config\App))
#6 C:\xampp\htdocs\Pengaduan-laporkesana\vendor\codeigniter4\framework\system\CodeIgniter.php(589): CodeIgniter\Config\BaseService::__callStatic('clirequest', Array)
#7 C:\xampp\htdocs\Pengaduan-laporkesana\vendor\codeigniter4\framework\system\CodeIgniter.php(312): CodeIgniter\CodeIgniter->getRequestObject()
#8 C:\xampp\htdocs\Pengaduan-laporkesana\vendor\codeigniter4\framework\system\CLI\Console.php(61): CodeIgniter\CodeIgniter->run()
#9 C:\xampp\htdocs\Pengaduan-laporkesana\spark(66): CodeIgniter\CLI\Console->run()
#10 {main}
CRITICAL - 2024-01-06 08:26:20 --> Constant FILTER_SANITIZE_STRING is deprecated
#0 C:\xampp\htdocs\Pengaduan-laporkesana\vendor\codeigniter4\framework\system\Router\RouteCollection.php(1369): CodeIgniter\Debug\Exceptions->errorHandler(8192, 'Constant FILTER...', 'C:\\xampp\\htdocs...', 1369)
#1 C:\xampp\htdocs\Pengaduan-laporkesana\vendor\codeigniter4\framework\system\Router\RouteCollection.php(629): CodeIgniter\Router\RouteCollection->create('*', 'BaseController(...', Object(Closure), NULL)
#2 C:\xampp\htdocs\Pengaduan-laporkesana\vendor\codeigniter4\framework\system\Config\Routes.php(25): CodeIgniter\Router\RouteCollection->add('BaseController(...', Object(Closure))
#3 C:\xampp\htdocs\Pengaduan-laporkesana\app\Config\Routes.php(11): require('C:\\xampp\\htdocs...')
#4 C:\xampp\htdocs\Pengaduan-laporkesana\vendor\codeigniter4\framework\system\CodeIgniter.php(799): require('C:\\xampp\\htdocs...')
#5 C:\xampp\htdocs\Pengaduan-laporkesana\vendor\codeigniter4\framework\system\CodeIgniter.php(392): CodeIgniter\CodeIgniter->tryToRouteIt(Object(CodeIgniter\Router\RouteCollection))
#6 C:\xampp\htdocs\Pengaduan-laporkesana\vendor\codeigniter4\framework\system\CodeIgniter.php(339): CodeIgniter\CodeIgniter->handleRequest(NULL, Object(Config\Cache), false)
#7 C:\xampp\htdocs\Pengaduan-laporkesana\vendor\codeigniter4\framework\system\CLI\Console.php(61): CodeIgniter\CodeIgniter->run()
#8 C:\xampp\htdocs\Pengaduan-laporkesana\spark(66): CodeIgniter\CLI\Console->run()
#9 {main}
CRITICAL - 2024-01-06 08:28:13 --> Constant FILTER_SANITIZE_STRING is deprecated
#0 C:\xampp\htdocs\Pengaduan-laporkesana\vendor\codeigniter4\framework\system\Router\RouteCollection.php(265): CodeIgniter\Debug\Exceptions->errorHandler(8192, 'Constant FILTER...', 'C:\\xampp\\htdocs...', 265)
#1 C:\xampp\htdocs\Pengaduan-laporkesana\app\Config\Routes.php(19): CodeIgniter\Router\RouteCollection->setDefaultNamespace('App\\Controllers')
#2 C:\xampp\htdocs\Pengaduan-laporkesana\vendor\codeigniter4\framework\system\CodeIgniter.php(799): require('C:\\xampp\\htdocs...')
#3 C:\xampp\htdocs\Pengaduan-laporkesana\vendor\codeigniter4\framework\system\CodeIgniter.php(392): CodeIgniter\CodeIgniter->tryToRouteIt(Object(CodeIgniter\Router\RouteCollection))
#4 C:\xampp\htdocs\Pengaduan-laporkesana\vendor\codeigniter4\framework\system\CodeIgniter.php(339): CodeIgniter\CodeIgniter->handleRequest(NULL, Object(Config\Cache), false)
#5 C:\xampp\htdocs\Pengaduan-laporkesana\vendor\codeigniter4\framework\system\CLI\Console.php(61): CodeIgniter\CodeIgniter->run()
#6 C:\xampp\htdocs\Pengaduan-laporkesana\spark(66): CodeIgniter\CLI\Console->run()
#7 {main}
CRITICAL - 2024-01-06 08:28:52 --> Constant FILTER_SANITIZE_STRING is deprecated
#0 C:\xampp\htdocs\Pengaduan-laporkesana\vendor\codeigniter4\framework\system\Router\RouteCollection.php(282): CodeIgniter\Debug\Exceptions->errorHandler(8192, 'Constant FILTER...', 'C:\\xampp\\htdocs...', 282)
#1 C:\xampp\htdocs\Pengaduan-laporkesana\app\Config\Routes.php(20): CodeIgniter\Router\RouteCollection->setDefaultController('Home')
#2 C:\xampp\htdocs\Pengaduan-laporkesana\vendor\codeigniter4\framework\system\CodeIgniter.php(799): require('C:\\xampp\\htdocs...')
#3 C:\xampp\htdocs\Pengaduan-laporkesana\vendor\codeigniter4\framework\system\CodeIgniter.php(392): CodeIgniter\CodeIgniter->tryToRouteIt(Object(CodeIgniter\Router\RouteCollection))
#4 C:\xampp\htdocs\Pengaduan-laporkesana\vendor\codeigniter4\framework\system\CodeIgniter.php(339): CodeIgniter\CodeIgniter->handleRequest(NULL, Object(Config\Cache), false)
#5 C:\xampp\htdocs\Pengaduan-laporkesana\vendor\codeigniter4\framework\system\CLI\Console.php(61): CodeIgniter\CodeIgniter->run()
#6 C:\xampp\htdocs\Pengaduan-laporkesana\spark(66): CodeIgniter\CLI\Console->run()
#7 {main}
CRITICAL - 2024-01-06 08:29:24 --> Constant FILTER_SANITIZE_STRING is deprecated
#0 C:\xampp\htdocs\Pengaduan-laporkesana\vendor\codeigniter4\framework\system\Router\RouteCollection.php(298): CodeIgniter\Debug\Exceptions->errorHandler(8192, 'Constant FILTER...', 'C:\\xampp\\htdocs...', 298)
#1 C:\xampp\htdocs\Pengaduan-laporkesana\app\Config\Routes.php(21): CodeIgniter\Router\RouteCollection->setDefaultMethod('index')
#2 C:\xampp\htdocs\Pengaduan-laporkesana\vendor\codeigniter4\framework\system\CodeIgniter.php(799): require('C:\\xampp\\htdocs...')
#3 C:\xampp\htdocs\Pengaduan-laporkesana\vendor\codeigniter4\framework\system\CodeIgniter.php(392): CodeIgniter\CodeIgniter->tryToRouteIt(Object(CodeIgniter\Router\RouteCollection))
#4 C:\xampp\htdocs\Pengaduan-laporkesana\vendor\codeigniter4\framework\system\CodeIgniter.php(339): CodeIgniter\CodeIgniter->handleRequest(NULL, Object(Config\Cache), false)
#5 C:\xampp\htdocs\Pengaduan-laporkesana\vendor\codeigniter4\framework\system\CLI\Console.php(61): CodeIgniter\CodeIgniter->run()
#6 C:\xampp\htdocs\Pengaduan-laporkesana\spark(66): CodeIgniter\CLI\Console->run()
#7 {main}
ERROR - 2024-01-06 08:56:56 --> Error connecting to the database: Unknown database 'ci4_pengaduan'
CRITICAL - 2024-01-06 08:56:56 --> Unable to connect to the database.
Main connection [MySQLi]: Unknown database 'ci4_pengaduan'
#0 C:\xampp\htdocs\Pengaduan-laporkesana\vendor\codeigniter4\framework\system\Database\BaseConnection.php(625): CodeIgniter\Database\BaseConnection->initialize()
#1 C:\xampp\htdocs\Pengaduan-laporkesana\vendor\codeigniter4\framework\system\Database\BaseBuilder.php(2049): CodeIgniter\Database\BaseConnection->query('SELECT `id`, `n...', Array, false)
#2 C:\xampp\htdocs\Pengaduan-laporkesana\vendor\codeigniter4\framework\system\Model.php(800): CodeIgniter\Database\BaseBuilder->getWhere(Array)
#3 C:\xampp\htdocs\Pengaduan-laporkesana\app\Models\UserModel.php(16): CodeIgniter\Model->__call('getWhere', Array)
#4 C:\xampp\htdocs\Pengaduan-laporkesana\app\Controllers\BaseController.php(61): App\Models\UserModel->getUserLogin(NULL)
#5 C:\xampp\htdocs\Pengaduan-laporkesana\vendor\codeigniter4\framework\system\CodeIgniter.php(904): App\Controllers\BaseController->initController(Object(CodeIgniter\HTTP\IncomingRequest), Object(CodeIgniter\HTTP\Response), Object(CodeIgniter\Log\Logger))
#6 C:\xampp\htdocs\Pengaduan-laporkesana\vendor\codeigniter4\framework\system\CodeIgniter.php(429): CodeIgniter\CodeIgniter->createController()
#7 C:\xampp\htdocs\Pengaduan-laporkesana\vendor\codeigniter4\framework\system\CodeIgniter.php(339): CodeIgniter\CodeIgniter->handleRequest(NULL, Object(Config\Cache), false)
#8 C:\xampp\htdocs\Pengaduan-laporkesana\public\index.php(44): CodeIgniter\CodeIgniter->run()
#9 {main}
